<?xml version="1.0" encoding="UTF-8"?>
<testng-results skipped="0" failed="0" ignored="0" total="1" passed="1">
  <reporter-output>
  </reporter-output>
  <suite name="Default suite" duration-ms="10940" started-at="2020-08-28T04:02:45 EDT" finished-at="2020-08-28T04:02:56 EDT">
    <groups>
    </groups>
    <test name="Default test" duration-ms="10940" started-at="2020-08-28T04:02:45 EDT" finished-at="2020-08-28T04:02:56 EDT">
      <class name="learnInterface.TC003">
        <test-method status="PASS" signature="login()[pri:0, instance:learnInterface.TC003@4bbfb90a]" name="login" duration-ms="10870" started-at="2020-08-28T04:02:46 EDT" finished-at="2020-08-28T04:02:56 EDT">
          <reporter-output>
          </reporter-output>
        </test-method> <!-- login -->
      </class> <!-- learnInterface.TC003 -->
    </test> <!-- Default test -->
  </suite> <!-- Default suite -->
</testng-results>
