<?xml version="1.0" encoding="UTF-8"?>
<!-- Generated by org.testng.reporters.JUnitXMLReporter -->
<testsuite hostname="DESKTOP-AVNEC7M" ignored="0" name="TestNG" tests="3" failures="0" timestamp="2020-07-28T00:40:34 EDT" time="27.17" errors="0">
  <testcase name="testLtap" time="8.171" classname="learnSelenium.TestXpath"/>
  <testcase name="testCng" time="8.171" classname="learnSelenium.ConfirmAlert"/>
  <testcase name="browserTest" time="27.138" classname="learnSelenium.BrowserTest"/>
</testsuite> <!-- TestNG -->
