<?xml version="1.0" encoding="UTF-8"?>
<!-- Generated by org.testng.reporters.JUnitXMLReporter -->
<testsuite hostname="DESKTOP-AVNEC7M" ignored="0" name="Test" tests="3" failures="0" timestamp="2020-08-19T21:24:04 EDT" time="84.108" errors="0">
  <testcase name="subclass" time="8.834" classname="wrapper2.Singlabash"/>
  <testcase name="subclass" time="5.639" classname="wrapper2.Singlabash"/>
  <testcase name="subclass" time="5.769" classname="wrapper2.Singlabash"/>
</testsuite> <!-- Test -->
